<?xml version="1.0" encoding="UTF-8"?>
<!-- Generated by org.testng.reporters.JUnitReportReporter -->
<testsuite skipped="0" hostname="mindq-PC" name="practice_programs.Testng1" tests="3" failures="0" timestamp="17 Dec 2018 14:19:23 GMT" time="0.016" errors="0">
  <testcase name="login" time="0.014" classname="practice_programs.Testng1"/>
  <testcase name="click" time="0.001" classname="practice_programs.Testng1"/>
  <testcase name="add" time="0.001" classname="practice_programs.Testng1"/>
</testsuite> <!-- practice_programs.Testng1 -->
